<?xml version="1.0" encoding="UTF-8"?>
<testng-results skipped="0" failed="0" total="1" passed="1">
  <reporter-output>
  </reporter-output>
  <suite name="Wrkday_Demo1" duration-ms="158722" started-at="2017-12-27T10:21:07Z" finished-at="2017-12-27T10:23:46Z">
    <groups>
    </groups>
    <test name="Wrkday_Demo1" duration-ms="158722" started-at="2017-12-27T10:21:07Z" finished-at="2017-12-27T10:23:46Z">
      <class name="employee_tests.Workday_ChangeEmployeeContactInformation_Primaryaddress">
        <test-method status="PASS" signature="oneTimeSetUp(java.lang.String, java.lang.String, java.lang.String, java.lang.String, java.lang.String, java.lang.String)[pri:0, instance:employee_tests.Workday_ChangeEmployeeContactInformation_Primaryaddress@119087d]" name="oneTimeSetUp" is-config="true" duration-ms="21053" started-at="2017-12-27T15:51:07Z" finished-at="2017-12-27T15:51:28Z">
          <params>
            <param index="0">
              <value>
                <![CDATA[Wrkday_Demo1]]>
              </value>
            </param>
            <param index="1">
              <value>
                <![CDATA[employee_tests.Workday_ChangeEmployeeVeteranStatus=Windows 7||Internet Explorer]]>
              </value>
            </param>
            <param index="2">
              <value>
                <![CDATA[stage]]>
              </value>
            </param>
            <param index="3">
              <value>
                <![CDATA[Local]]>
              </value>
            </param>
            <param index="4">
              <value>
                <![CDATA[Cycle1]]>
              </value>
            </param>
            <param index="5">
              <value>
                <![CDATA[Cycle1]]>
              </value>
            </param>
          </params>
          <reporter-output>
          </reporter-output>
        </test-method> <!-- oneTimeSetUp -->
        <test-method status="PASS" signature="changePrimaryAddress()[pri:0, instance:employee_tests.Workday_ChangeEmployeeContactInformation_Primaryaddress@119087d]" name="changePrimaryAddress" duration-ms="132893" started-at="2017-12-27T15:51:28Z" finished-at="2017-12-27T15:53:41Z">
          <reporter-output>
          </reporter-output>
        </test-method> <!-- changePrimaryAddress -->
        <test-method status="PASS" signature="oneTearDown()[pri:0, instance:employee_tests.Workday_ChangeEmployeeContactInformation_Primaryaddress@119087d]" name="oneTearDown" is-config="true" duration-ms="4758" started-at="2017-12-27T15:53:41Z" finished-at="2017-12-27T15:53:46Z">
          <reporter-output>
          </reporter-output>
        </test-method> <!-- oneTearDown -->
      </class> <!-- employee_tests.Workday_ChangeEmployeeContactInformation_Primaryaddress -->
    </test> <!-- Wrkday_Demo1 -->
  </suite> <!-- Wrkday_Demo1 -->
</testng-results>
