<?xml version="1.0" encoding="UTF-8"?>
<!-- Generated by org.testng.reporters.JUnitXMLReporter -->
<testsuite hostname="PRO-IND-500" name="workday" tests="2" failures="0" timestamp="18 Dec 2017 11:05:49 GMT" time="0.08" errors="0">
  <testcase name="@BeforeClass oneTimeSetUp" time="0.0" classname="manager_tests.Workday_ManagerActions_ChangeEmployeeWorkLocation">
    <failure type="java.lang.NullPointerException">
      <![CDATA[java.lang.NullPointerException
	at manager_tests.Workday_ManagerActions_ChangeEmployeeWorkLocation.oneTimeSetUp(Workday_ManagerActions_ChangeEmployeeWorkLocation.java:28)
... Removed 24 stack frames]]>
    </failure>
  </testcase> <!-- @BeforeClass oneTimeSetUp -->
  <testcase name="@AfterClass closebrowser" time="0.0" classname="manager_tests.Workday_ManagerActions_ChangeEmployeeWorkLocation">
    <skipped/>
  </testcase> <!-- @AfterClass closebrowser -->
  <testcase name="@BeforeClass oneTimeSetUp" time="0.0" classname="manager_tests.Wrkday_ManagerActions_VoluntaryTermination">
    <failure type="java.lang.NullPointerException">
      <![CDATA[java.lang.NullPointerException
	at manager_tests.Wrkday_ManagerActions_VoluntaryTermination.oneTimeSetUp(Wrkday_ManagerActions_VoluntaryTermination.java:29)
... Removed 24 stack frames]]>
    </failure>
  </testcase> <!-- @BeforeClass oneTimeSetUp -->
  <testcase name="@AfterClass closebrowser" time="0.0" classname="manager_tests.Wrkday_ManagerActions_VoluntaryTermination">
    <skipped/>
  </testcase> <!-- @AfterClass closebrowser -->
  <testcase name="ChangeEmployeeWorkLocation" time="0.0" classname="manager_tests.Workday_ManagerActions_ChangeEmployeeWorkLocation">
    <skipped/>
  </testcase> <!-- ChangeEmployeeWorkLocation -->
  <testcase name="VoluntaryTerminate" time="0.0" classname="manager_tests.Wrkday_ManagerActions_VoluntaryTermination">
    <skipped/>
  </testcase> <!-- VoluntaryTerminate -->
</testsuite> <!-- workday -->
